2025-10-27 17:55:48,167 [INFO] Starting data cleaning and preparation process
2025-10-27 17:55:48,167 [INFO] Loading raw datasets
2025-10-27 17:55:48,205 [INFO] Datasets loaded successfully: 20304 tickets, 75 sections, 472 weather rows
2025-10-27 17:55:48,205 [INFO] Cleaning ticket sales data (20304 rows before cleaning)
2025-10-27 17:55:48,236 [INFO] Dropped 0 invalid ticket rows with missing essential fields
2025-10-27 17:55:48,241 [INFO] Ticket sales cleaned successfully: 20304 rows remain
2025-10-27 17:55:48,241 [INFO] Cleaning section capacity data (75 rows)
2025-10-27 17:55:48,245 [INFO] Dropped 0 invalid section rows
2025-10-27 17:55:48,245 [INFO] Section capacity cleaned successfully: 75 valid rows remain
2025-10-27 17:55:48,245 [INFO] Cleaning weather data (472 rows)
2025-10-27 17:55:48,249 [WARNING] Filling 122 missing values in snow_mm with 0
2025-10-27 17:55:48,250 [WARNING] Keeping 472 missing values in wind_dir_deg as NaN (unknown)
2025-10-27 17:55:48,251 [WARNING] Keeping 356 missing values in wind_gust_kmh as NaN (unknown)
2025-10-27 17:55:48,251 [WARNING] Keeping 472 missing values in sun_hours as NaN (unknown)
2025-10-27 17:55:48,253 [INFO] Dropped 0 rows with null city or date
2025-10-27 17:55:48,253 [INFO] Weather data cleaned successfully: 472 rows remain
2025-10-27 17:55:48,253 [INFO] Creating dimension tables
2025-10-27 17:55:48,276 [INFO] Dimension tables created successfully
2025-10-27 17:55:48,276 [INFO] Building fact table
2025-10-27 17:55:48,334 [INFO] Fact table built successfully with 20304 rows
2025-10-27 17:55:48,335 [INFO] Saving cleaned dimension and fact tables
2025-10-27 17:55:48,460 [INFO] All tables saved successfully
2025-10-27 17:55:48,460 [INFO] Data cleaning and preparation process completed
