2025-10-27 17:56:39,445 [WARNING] No project ID could be determined. Consider running `gcloud config set project` or setting the GOOGLE_CLOUD_PROJECT environment variable
2025-10-27 17:56:39,446 [INFO] Starting BigQuery upload process
2025-10-27 17:56:39,446 [INFO] Starting upload for dim_venue.csv \u2192 dim_venue
2025-10-27 17:56:39,449 [INFO] Loaded 75 rows from dim_venue.csv
2025-10-27 17:56:45,052 [INFO] Upload complete: 75 rows loaded into grand-icon-475820-e5.pwhl_analytics_assessment.dim_venue
2025-10-27 17:56:45,052 [INFO] Starting upload for dim_weather.csv \u2192 dim_weather
2025-10-27 17:56:45,065 [INFO] Loaded 472 rows from dim_weather.csv
2025-10-27 17:56:47,995 [INFO] Upload complete: 472 rows loaded into grand-icon-475820-e5.pwhl_analytics_assessment.dim_weather
2025-10-27 17:56:47,995 [INFO] Starting upload for dim_date.csv \u2192 dim_date
2025-10-27 17:56:48,000 [INFO] Loaded 15 rows from dim_date.csv
2025-10-27 17:56:51,135 [INFO] Upload complete: 15 rows loaded into grand-icon-475820-e5.pwhl_analytics_assessment.dim_date
2025-10-27 17:56:51,135 [INFO] Starting upload for dim_channel.csv \u2192 dim_channel
2025-10-27 17:56:51,140 [INFO] Loaded 5 rows from dim_channel.csv
2025-10-27 17:56:55,341 [INFO] Upload complete: 5 rows loaded into grand-icon-475820-e5.pwhl_analytics_assessment.dim_channel
2025-10-27 17:56:55,341 [INFO] Starting upload for dim_customer.csv \u2192 dim_customer
2025-10-27 17:56:55,385 [INFO] Loaded 20304 rows from dim_customer.csv
2025-10-27 17:56:58,604 [INFO] Upload complete: 20304 rows loaded into grand-icon-475820-e5.pwhl_analytics_assessment.dim_customer
2025-10-27 17:56:58,604 [INFO] Starting upload for fact_ticket_sales.csv \u2192 fact_ticket_sales
2025-10-27 17:56:58,626 [INFO] Loaded 20304 rows from fact_ticket_sales.csv
2025-10-27 17:56:58,626 [INFO] Applied clustering fields: ['event_date', 'venue_id', 'channel_id']
2025-10-27 17:57:01,533 [INFO] Upload complete: 20304 rows loaded into grand-icon-475820-e5.pwhl_analytics_assessment.fact_ticket_sales
2025-10-27 17:57:01,534 [INFO] All uploads completed successfully
